<?xml version="1.0" encoding="UTF-8"?>
<!-- Generated by org.testng.reporters.JUnitReportReporter -->
<testsuite skipped="1" hostname="DESKTOP-IAV7E1L" name="Demo1.test1" tests="2" failures="0" timestamp="2021-12-06T16:54:18 IST" time="7.640" errors="0">
  <testcase name="login" time="7.640" classname="Demo1.test1"/>
  <system-out/>
  <testcase name="signup" classname="Demo1.test1">
    <skipped/>
  </testcase> <!-- signup -->
  <system-out/>
</testsuite> <!-- Demo1.test1 -->
